name connected
Send list users
28.04 19:35 :  get message
28.04 19:35 :  send message
28.04 19:35 : name get message
28.04 19:35 : name send message
name2 connected
Send list users
Send list users
28.04 19:35 :  get message
28.04 19:35 :  send message
28.04 19:35 :  send message
28.04 19:35 : name2 get message
28.04 19:35 : name2 send message
28.04 19:35 : name2 send message
28.04 19:35 :  get message
28.04 19:35 :  send message
28.04 19:35 :  send message
28.04 19:35 : System get message
name2 deleted
Send list users
28.04 19:35 :  get message
28.04 19:35 :  send message
28.04 19:35 : System get message
name deleted
dasha connected
Send list users
28.04 20:05 :  get message
28.04 20:05 :  send message
28.04 20:05 : dasha get message
28.04 20:05 : dasha send message
miron connected
Send list users
Send list users
28.04 20:06 :  get message
28.04 20:06 :  send message
28.04 20:06 :  send message
28.04 20:06 : dasha get message
28.04 20:06 : dasha send message
28.04 20:06 : dasha send message
28.04 20:06 : miron get message
28.04 20:06 : miron send message
28.04 20:06 : miron send message
miron deleted
Send list users
dasha deleted
name connected
Send list users
28.04 20:34 :  get message
28.04 20:34 :  send message
28.04 20:34 : name get message
28.04 20:34 : name send message
28.04 20:34 :  get message
28.04 20:34 :  send message
28.04 20:34 : System get message
name deleted
null deleted
name connected
Send list users
28.04 21:17 :  get message
28.04 21:17 :  send message
28.04 21:17 : name get message
28.04 21:17 : name send message
28.04 21:17 :  get message
28.04 21:17 :  send message
28.04 21:17 : System get message
name deleted
name connected
name deleted
name connected
28.04 22:31 : name get message
28.04 22:31 : name send message
28.04 22:31 : name send message
28.04 22:31 : name get message
28.04 22:31 : name send message
28.04 22:31 : name send message
name deleted
user connected
28.04 22:33 : user get message
28.04 22:33 : user send message
28.04 22:33 : user send message
28.04 22:33 : user get message
28.04 22:33 : user send message
28.04 22:33 : user send message
user deleted
naME connected
28.04 22:34 : naME get message
28.04 22:34 : naME send message
28.04 22:34 : naME send message
28.04 22:34 : naME get message
28.04 22:34 : naME send message
28.04 22:34 : naME send message
naME deleted
asdsa connected
28.04 22:34 : asdsa get message
28.04 22:34 : asdsa send message
28.04 22:34 : asdsa send message
asdsa deleted
name connected
28.04 22:38 : name get message
28.04 22:38 : name send message
28.04 22:38 : name send message
name deleted
name connected
29.04 00:18 : name get message
29.04 00:18 : name send message
29.04 00:18 : name send message
name deleted
name2 connected
29.04 00:20 : name2 get message
29.04 00:20 : name2 send message
29.04 00:20 : name2 send message
name connected
29.04 00:23 : name get message
29.04 00:23 : name send message
29.04 00:23 : name send message
name connected
29.04 00:26 : name get message
name connected
Send list users
29.04 00:39 : name get message
29.04 00:39 : name send message
29.04 00:39 : name send message
29.04 00:40 : name get message
29.04 00:40 : name send message
29.04 00:40 : name send message
name deleted
тфьу connected
Send list users
29.04 00:42 : тфьу get message
29.04 00:42 : тфьу send message
29.04 00:42 : тфьу send message
name connected
Send list users
29.04 00:57 : name get message
29.04 00:57 : name send message
29.04 00:57 : name send message
29.04 00:57 : name get message
29.04 00:57 : name send message
29.04 00:57 : name send message
name2 connected
Send list users
29.04 00:57 : name2 get message
29.04 00:57 : name2 send message
29.04 00:57 : name2 send message
29.04 00:57 : name2 send message
29.04 00:57 : name2 send message
name connected
Send list users
29.04 01:06 : name get message
29.04 01:06 : name send message
29.04 01:06 : name send message
29.04 01:06 : name get message
29.04 01:06 : name send message
29.04 01:06 : name send message
name 2 connected
Send list users
29.04 01:06 : name 2 get message
29.04 01:06 : name 2 send message
29.04 01:06 : name 2 send message
29.04 01:06 : name 2 send message
29.04 01:06 : name 2 send message
29.04 01:07 : name 2 get message
29.04 01:07 : name 2 send message
29.04 01:07 : name 2 send message
29.04 01:07 : name 2 send message
29.04 01:07 : name 2 send message
oleg connected
Send list users
29.04 01:07 : oleg get message
29.04 01:07 : oleg send message
29.04 01:07 : oleg send message
29.04 01:07 : oleg send message
29.04 01:07 : oleg send message
29.04 01:07 : oleg send message
29.04 01:07 : oleg send message
oleg deleted
Send list users
Send list users
Send list users
Send list users
name 2 deleted
Send list users
Send list users
name deleted
name connected
Send list users
29.04 01:17 : name get message
29.04 01:17 : name send message
29.04 01:17 : name send message
name deleted
name connected
Send list users
29.04 01:17 : name get message
29.04 01:17 : name send message
29.04 01:17 : name send message
name2 connected
Send list users
29.04 01:18 : name2 get message
29.04 01:18 : name2 send message
29.04 01:18 : name2 send message
29.04 01:18 : name2 send message
29.04 01:18 : name2 send message
name deleted
Send list users
Send list users
name3 connected
Send list users
29.04 01:18 : name3 get message
29.04 01:18 : name3 send message
29.04 01:18 : name3 send message
29.04 01:18 : name3 send message
29.04 01:18 : name3 send message
name2 deleted
Send list users
Send list users
name3 deleted
name connected
Send list users
29.04 01:22 : name get message
29.04 01:22 : name send message
29.04 01:22 : name send message
29.04 01:22 : name get message
29.04 01:22 : name send message
29.04 01:22 : name send message
name deleted
name connected
Send list users
29.04 01:23 : name get message
29.04 01:23 : name send message
29.04 01:23 : name send message
name2 connected
Send list users
29.04 01:23 : name2 get message
29.04 01:23 : name2 send message
29.04 01:23 : name2 send message
29.04 01:23 : name2 send message
29.04 01:23 : name2 send message
29.04 01:23 : name get message
29.04 01:23 : name send message
29.04 01:23 : name send message
29.04 01:23 : name send message
29.04 01:23 : name send message
name deleted
Send list users
Send list users
name connected
Send list users
29.04 01:29 : name get message
29.04 01:29 : name send message
29.04 01:29 : name send message
29.04 01:29 : name get message
29.04 01:29 : name send message
29.04 01:29 : name send message
29.04 01:29 : name get message
29.04 01:29 : name send message
29.04 01:29 : name send message
name deleted
name connected
Send list users
Send list users
29.04 01:37 : name get message
29.04 01:37 : name send message
29.04 01:37 : name send message
name2 connected
Send list users
Send list users
Send list users
Send list users
29.04 01:37 : name2 get message
29.04 01:37 : name2 send message
29.04 01:37 : name2 send message
29.04 01:37 : name2 send message
29.04 01:37 : name2 send message
29.04 01:37 : name2 get message
29.04 01:37 : name2 send message
29.04 01:37 : name2 send message
29.04 01:37 : name2 send message
29.04 01:37 : name2 send message
name2 deleted
Send list users
Send list users
29.04 01:38 : name get message
29.04 01:38 : name send message
29.04 01:38 : name send message
name deleted
name connected
Send list users
Send list users
29.04 01:41 : name get message
29.04 01:41 : name send message
29.04 01:41 : name send message
name deleted
anme connected
Send list users
Send list users
29.04 01:43 : anme get message
29.04 01:43 : anme send message
29.04 01:43 : anme send message
29.04 01:43 : anme get message
29.04 01:43 : anme send message
29.04 01:43 : anme send message
29.04 01:43 : anme get message
29.04 01:43 : anme send message
29.04 01:43 : anme send message
29.04 01:43 : anme get message
29.04 01:43 : anme send message
29.04 01:43 : anme send message
k connected
Send list users
Send list users
Send list users
Send list users
29.04 01:43 : k get message
29.04 01:43 : k send message
29.04 01:43 : k send message
29.04 01:43 : k send message
29.04 01:43 : k send message
29.04 01:43 : k get message
29.04 01:43 : k send message
29.04 01:43 : k send message
29.04 01:43 : k send message
29.04 01:43 : k send message
29.04 01:43 : k get message
29.04 01:43 : k send message
29.04 01:43 : k send message
29.04 01:43 : k send message
29.04 01:43 : k send message
29.04 01:43 : k get message
29.04 01:43 : k send message
29.04 01:43 : k send message
29.04 01:43 : k send message
29.04 01:43 : k send message
29.04 01:43 : k get message
29.04 01:43 : k send message
29.04 01:43 : k send message
29.04 01:43 : k send message
29.04 01:43 : k send message
k deleted
Send list users
Send list users
29.04 01:46 : anme get message
29.04 01:46 : anme send message
anme deleted
name connected
Send list users
Send list users
29.04 01:49 : name get message
29.04 01:49 : name send message
29.04 01:49 : name send message
name deleted
тфь connected
Send list users
Send list users
29.04 01:50 : тфь get message
29.04 01:50 : тфь send message
29.04 01:50 : тфь send message
29.04 01:57 : тфь get message
29.04 01:57 : тфь send message
29.04 01:57 : тфь send message
тфь deleted
name connected
Send list users
Send list users
29.04 02:03 : name get message
29.04 02:03 : name send message
29.04 02:03 : name send message
29.04 02:03 : name get message
29.04 02:03 : name send message
29.04 02:03 : name send message
29.04 02:03 : name get message
29.04 02:03 : name send message
29.04 02:03 : name send message
name deleted
т connected
Send list users
Send list users
29.04 02:22 : т get message
29.04 02:22 : т send message
29.04 02:22 : т send message
т deleted
т connected
Send list users
Send list users
29.04 02:23 : т get message
29.04 02:23 : т send message
29.04 02:23 : т send message
ь connected
Send list users
Send list users
29.04 02:26 : ь get message
29.04 02:26 : ь send message
29.04 02:26 : ь send message
т connected
Send list users
Send list users
29.04 02:27 : т get message
29.04 02:27 : т send message
29.04 02:27 : т send message
29.04 02:28 : т get message
т deleted
name connected
Send list users
29.04 02:31 : name get message
29.04 02:31 : name send message
29.04 02:31 : name get message
29.04 02:31 : name send message
egor connected
Send list users
Send list users
29.04 02:31 : egor get message
29.04 02:31 : egor send message
29.04 02:31 : egor send message
29.04 02:31 : egor get message
29.04 02:31 : egor send message
29.04 02:31 : egor send message
29.04 02:31 : name get message
29.04 02:31 : name send message
29.04 02:31 : name send message
name deleted
Send list users
egor deleted
n connected
Send list users
29.04 02:34 : n get message
29.04 02:34 : n send message
kk connected
Send list users
Send list users
29.04 02:35 : kk get message
29.04 02:35 : kk send message
29.04 02:35 : kk send message
29.04 02:35 : n get message
29.04 02:35 : n send message
29.04 02:35 : n send message
n deleted
Send list users
миша connected
Send list users
29.04 02:38 : миша get message
29.04 02:38 : миша send message
мирослав connected
Send list users
Send list users
29.04 02:39 : мирослав get message
29.04 02:39 : мирослав send message
29.04 02:39 : мирослав send message
павел connected
Send list users
Send list users
Send list users
29.04 02:39 : павел get message
29.04 02:39 : павел send message
29.04 02:39 : павел send message
29.04 02:39 : павел send message
29.04 02:39 : павел get message
29.04 02:39 : павел send message
29.04 02:39 : павел send message
29.04 02:39 : павел send message
29.04 02:39 : System get message
29.04 02:39 : System send message
29.04 02:39 : System send message
29.04 02:39 : System send message
мирослав deleted
Send list users
Send list users
29.04 02:39 : System get message
29.04 02:39 : System send message
29.04 02:39 : System send message
павел deleted
Send list users
29.04 02:40 : System get message
29.04 02:40 : System send message
миша deleted
name connected
Send list users
29.04 09:19 : name get message
29.04 09:19 : name send message
29.04 09:19 : name get message
29.04 09:19 : name send message
name2 connected
Send list users
Send list users
29.04 09:20 : name2 get message
29.04 09:20 : name2 send message
29.04 09:20 : name2 send message
29.04 09:20 : name2 get message
29.04 09:20 : name2 send message
29.04 09:20 : name2 send message
29.04 09:20 : System get message
29.04 09:20 : System send message
29.04 09:20 : System send message
name deleted
Send list users
29.04 09:20 : System get message
29.04 09:20 : System send message
name2 deleted
name connected
Send list users
29.04 09:45 : name get message
29.04 09:45 : name send message
name2 connected
Send list users
Send list users
29.04 09:46 : name2 get message
29.04 09:46 : name2 send message
29.04 09:46 : name2 send message
29.04 09:46 : name2 get message
29.04 09:46 : name2 send message
29.04 09:46 : name2 send message
29.04 09:46 : System get message
29.04 09:46 : System send message
29.04 09:46 : System send message
name2 deleted
Send list users
name3 connected
Send list users
Send list users
29.04 09:46 : name3 get message
29.04 09:46 : name3 send message
29.04 09:46 : name3 send message
29.04 09:46 : System get message
29.04 09:46 : System send message
29.04 09:46 : System send message
name3 deleted
Send list users
29.04 09:46 : System get message
29.04 09:46 : System send message
name deleted
sesesese connected
Send list users
29.04 10:26 : sesesese get message
29.04 10:26 : sesesese send message
29.04 10:26 : sesesese get message
29.04 10:26 : sesesese send message
sdasddsad connected
Send list users
Send list users
29.04 10:27 : sdasddsad get message
29.04 10:27 : sdasddsad send message
29.04 10:27 : sdasddsad send message
29.04 10:27 : sdasddsad get message
29.04 10:27 : sdasddsad send message
29.04 10:27 : sdasddsad send message
29.04 10:27 : System get message
29.04 10:27 : System send message
29.04 10:27 : System send message
sesesese deleted
Send list users
29.04 10:27 : System get message
29.04 10:27 : System send message
sdasddsad deleted
name1 connected
Send list users
02.05 14:00 : name1 get message
02.05 14:00 : name1 send message
name connected
Send list users
Send list users
02.05 14:00 : name get message
02.05 14:00 : name send message
02.05 14:00 : name send message
name3 connected
Send list users
Send list users
Send list users
02.05 14:01 : name3 get message
02.05 14:01 : name3 send message
02.05 14:01 : name3 send message
02.05 14:01 : name3 send message
02.05 14:03 : System get message
02.05 14:03 : System send message
02.05 14:03 : System send message
02.05 14:03 : System send message
name3 deleted
Send list users
Send list users
02.05 14:03 : System get message
02.05 14:03 : System send message
02.05 14:03 : System send message
name1 deleted
Send list users
02.05 14:03 : System get message
02.05 14:03 : System send message
name deleted
misha connected
Send list users
02.05 16:36 : misha get message
02.05 16:36 : misha send message
oleg connected
Send list users
Send list users
02.05 16:36 : oleg get message
02.05 16:36 : oleg send message
02.05 16:36 : oleg send message
02.05 16:37 : System get message
02.05 16:37 : System send message
02.05 16:37 : System send message
oleg deleted
Send list users
02.05 16:37 : System get message
02.05 16:37 : System send message
misha deleted
name connected
Send list users
28.05 15:56 : name get message
28.05 15:56 : name send message
28.05 15:56 : name get message
28.05 15:56 : name send message
фтьу2 connected
Send list users
Send list users
28.05 15:56 : фтьу2 get message
28.05 15:56 : фтьу2 send message
28.05 15:56 : фтьу2 send message
28.05 15:56 : фтьу2 get message
28.05 15:56 : фтьу2 send message
28.05 15:56 : фтьу2 send message
28.05 15:56 : фтьу2 get message
28.05 15:56 : фтьу2 send message
28.05 15:56 : фтьу2 send message
28.05 15:56 : System get message
28.05 15:56 : System send message
28.05 15:56 : System send message
фтьу2 deleted
Send list users
28.05 15:56 : name get message
28.05 15:56 : name send message
28.05 15:56 : System get message
28.05 15:56 : System send message
name deleted
тфьу connected
Send list users
01.06 14:57 : тфьу get message
01.06 14:57 : тфьу send message
ты connected
Send list users
Send list users
01.06 14:57 : ты get message
01.06 14:57 : ты send message
01.06 14:57 : ты send message
01.06 14:57 : System get message
01.06 14:57 : System send message
01.06 14:57 : System send message
ты deleted
Send list users
01.06 14:57 : System get message
01.06 14:57 : System send message
тфьу deleted
name connected
Send list users
name deleted
j connected
Send list users
j deleted
s connected
Send list users
s deleted
m connected
Send list users
02.06 23:52 : m get message
02.06 23:52 : m send message
02.06 23:52 : m get message
02.06 23:52 : m send message
02.06 23:52 : m get message
02.06 23:52 : m send message
name2 connected
Send list users
Send list users
02.06 23:53 : name2 get message
02.06 23:53 : name2 send message
02.06 23:53 : name2 send message
02.06 23:53 : name2 get message
02.06 23:53 : name2 send message
02.06 23:53 : name2 send message
02.06 23:55 : System get message
02.06 23:55 : System send message
02.06 23:55 : System send message
name2 deleted
Send list users
02.06 23:56 : System get message
m deleted
т connected
Send list users
02.06 23:57 : т get message
02.06 23:57 : т send message
s connected
Send list users
02.06 23:59 : s get message
02.06 23:59 : s send message
02.06 23:59 : s get message
02.06 23:59 : s send message
name2 connected
Send list users
Send list users
02.06 23:59 : name2 get message
02.06 23:59 : name2 send message
02.06 23:59 : name2 send message
n connected
Send list users
03.06 00:01 : n get message
03.06 00:01 : n send message
03.06 00:01 : n get message
03.06 00:01 : n send message
dsa connected
Send list users
Send list users
03.06 00:01 : dsa get message
03.06 00:01 : dsa send message
03.06 00:01 : dsa send message
sndands connected
Send list users
03.06 00:04 : sndands get message
03.06 00:04 : sndands send message
sndands deleted
name connected
Send list users
03.06 00:08 : name get message
03.06 00:08 : name send message
name2 connected
Send list users
Send list users
03.06 00:09 : name2 get message
03.06 00:09 : name2 send message
03.06 00:09 : name2 send message
03.06 00:09 : name2 get message
03.06 00:09 : name2 send message
03.06 00:09 : name2 send message
03.06 00:09 : System get message
03.06 00:09 : System send message
03.06 00:09 : System send message
name deleted
Send list users
name222 connected
Send list users
Send list users
03.06 00:09 : name222 get message
03.06 00:09 : name222 send message
03.06 00:09 : name222 send message
03.06 00:09 : name222 get message
03.06 00:09 : name222 send message
03.06 00:09 : name222 send message
03.06 00:09 : System get message
03.06 00:09 : System send message
03.06 00:09 : System send message
name2 deleted
Send list users
03.06 00:09 : System get message
03.06 00:09 : System send message
name222 deleted
name connected
Send list users
03.06 00:21 : name get message
03.06 00:21 : name send message
03.06 00:21 : name get message
03.06 00:21 : name send message
name deleted
sadad connected
Send list users
03.06 00:22 : sadad get message
03.06 00:22 : sadad send message
03.06 00:23 : sadad get message
03.06 00:23 : sadad send message
name connected
Send list users
03.06 00:24 : name get message
03.06 00:24 : name send message
03.06 00:24 : name get message
03.06 00:24 : name send message
03.06 00:24 : name get message
03.06 00:24 : name send message
03.06 00:24 : name get message
03.06 00:24 : name send message
03.06 00:25 : name get message
03.06 00:25 : name send message
03.06 00:25 : System get message
03.06 00:25 : System send message
name deleted
name connected
Send list users
03.06 00:41 : name get message
03.06 00:41 : name send message
03.06 00:41 : name get message
03.06 00:41 : name get message
03.06 00:41 : name send message
name2 connected
Send list users
Send list users
03.06 00:42 : name2 get message
03.06 00:42 : name2 send message
03.06 00:42 : name2 send message
name3 connected
Send list users
Send list users
Send list users
03.06 00:42 : name3 get message
03.06 00:42 : name3 send message
03.06 00:42 : name3 send message
03.06 00:42 : name3 send message
03.06 00:42 : name3 get message
03.06 00:42 : name3 send message
03.06 00:43 : System get message
03.06 00:43 : System send message
03.06 00:43 : System send message
03.06 00:43 : System send message
name3 deleted
Send list users
Send list users
03.06 00:43 : System get message
03.06 00:43 : System send message
03.06 00:43 : System send message
name deleted
Send list users
03.06 00:43 : System get message
03.06 00:43 : System send message
name2 deleted
name connected
Send list users
03.06 01:00 : name get message
03.06 01:00 : name send message
03.06 01:00 : name get message
03.06 01:00 : name send message
name2312 connected
Send list users
Send list users
03.06 01:00 : name2312 get message
03.06 01:00 : name2312 send message
03.06 01:00 : name2312 send message
03.06 01:00 : name2312 get message
03.06 01:00 : name2312 send message
03.06 01:00 : name2312 send message
03.06 01:00 : name get message
03.06 01:00 : name send message
name4444 connected
Send list users
Send list users
Send list users
03.06 01:01 : name4444 get message
03.06 01:01 : name4444 send message
03.06 01:01 : name4444 send message
03.06 01:01 : name4444 send message
03.06 01:01 : name4444 get message
03.06 01:01 : name4444 send message
03.06 01:01 : System get message
03.06 01:01 : System send message
03.06 01:01 : System send message
03.06 01:01 : System send message
name4444 deleted
Send list users
Send list users
03.06 01:01 : System get message
03.06 01:01 : System send message
03.06 01:01 : System send message
name2312 deleted
Send list users
03.06 01:01 : System get message
03.06 01:01 : System send message
name deleted
name connected
Send list users
03.06 01:04 : name get message
03.06 01:04 : name send message
name2 connected
Send list users
Send list users
03.06 01:04 : name2 get message
03.06 01:04 : name2 send message
03.06 01:04 : name2 send message
name3 connected
Send list users
Send list users
Send list users
03.06 01:04 : name3 get message
03.06 01:04 : name3 send message
03.06 01:04 : name3 send message
03.06 01:04 : name3 send message
03.06 01:04 : name get message
03.06 01:04 : name send message
03.06 01:04 : name send message
03.06 01:04 : name send message
03.06 01:04 : name get message
03.06 01:04 : name send message
03.06 01:04 : name send message
03.06 01:05 : name3 get message
03.06 01:05 : name3 send message
03.06 01:05 : name3 send message
03.06 01:05 : System get message
03.06 01:05 : System send message
03.06 01:05 : System send message
03.06 01:05 : System send message
name3 deleted
Send list users
Send list users
03.06 01:05 : System get message
03.06 01:05 : System send message
name deleted
Send list users
03.06 01:05 : System get message
03.06 01:05 : System send message
name2 deleted
user connected
Send list users
03.06 01:13 : user get message
03.06 01:13 : user send message
03.06 01:13 : user get message
03.06 01:13 : user send message
user13213 connected
Send list users
Send list users
03.06 01:14 : user13213 get message
03.06 01:14 : user13213 send message
03.06 01:14 : user13213 send message
rer connected
Send list users
Send list users
Send list users
03.06 01:14 : rer get message
03.06 01:14 : rer send message
03.06 01:14 : rer send message
03.06 01:14 : rer send message
03.06 01:14 : rer get message
03.06 01:14 : rer send message
03.06 01:14 : rer send message
03.06 01:14 : rer send message
03.06 01:14 : rer get message
03.06 01:14 : rer send message
03.06 01:14 : rer send message
adasda connected
Send list users
Send list users
Send list users
Send list users
03.06 01:14 : adasda get message
03.06 01:14 : adasda send message
03.06 01:14 : adasda send message
03.06 01:14 : adasda send message
03.06 01:14 : adasda send message
03.06 01:15 : System get message
03.06 01:15 : System send message
03.06 01:15 : System send message
03.06 01:15 : System send message
03.06 01:15 : System send message
user13213 deleted
Send list users
Send list users
Send list users
03.06 01:15 : System get message
03.06 01:15 : System send message
03.06 01:15 : System send message
03.06 01:15 : System send message
adasda deleted
Send list users
Send list users
03.06 01:15 : System get message
03.06 01:15 : System send message
03.06 01:15 : System send message
rer deleted
Send list users
03.06 01:15 : System get message
03.06 01:15 : System send message
user deleted
uuu connected
Send list users
03.06 01:17 : uuu get message
03.06 01:17 : uuu send message
iii connected
Send list users
Send list users
03.06 01:17 : iii get message
03.06 01:17 : iii send message
03.06 01:17 : iii send message
nnnn connected
Send list users
Send list users
Send list users
03.06 01:17 : nnnn get message
03.06 01:17 : nnnn send message
03.06 01:17 : nnnn send message
03.06 01:17 : nnnn send message
03.06 01:17 : uuu get message
03.06 01:17 : uuu send message
03.06 01:17 : uuu send message
03.06 01:17 : uuu send message
03.06 01:17 : nnnn get message
03.06 01:17 : nnnn send message
03.06 01:17 : nnnn send message
03.06 01:18 : nnnn get message
03.06 01:18 : nnnn send message
03.06 01:18 : nnnn send message
kkkk connected
Send list users
Send list users
Send list users
Send list users
03.06 01:18 : kkkk get message
03.06 01:18 : kkkk send message
03.06 01:18 : kkkk send message
03.06 01:18 : kkkk send message
03.06 01:18 : kkkk send message
03.06 01:18 : System get message
03.06 01:18 : System send message
03.06 01:18 : System send message
03.06 01:18 : System send message
03.06 01:18 : System send message
kkkk deleted
Send list users
Send list users
Send list users
03.06 01:19 : System get message
03.06 01:19 : System send message
03.06 01:19 : System send message
uuu deleted
Send list users
Send list users
03.06 01:19 : System get message
03.06 01:19 : System send message
03.06 01:19 : System send message
nnnn deleted
Send list users
03.06 01:19 : System get message
03.06 01:19 : System send message
iii deleted
name connected
Send list users
03.06 01:20 : name get message
03.06 01:20 : name send message
name2 connected
Send list users
Send list users
03.06 01:20 : name2 get message
03.06 01:20 : name2 send message
03.06 01:20 : name2 send message
name3 connected
Send list users
Send list users
Send list users
03.06 01:20 : name3 get message
03.06 01:20 : name3 send message
03.06 01:20 : name3 send message
03.06 01:20 : name3 send message
03.06 01:20 : name get message
03.06 01:20 : name send message
03.06 01:20 : name send message
03.06 01:21 : name get message
03.06 01:21 : name send message
03.06 01:21 : name send message
dadad connected
Send list users
Send list users
Send list users
Send list users
03.06 01:21 : dadad get message
03.06 01:21 : dadad send message
03.06 01:21 : dadad send message
03.06 01:21 : dadad send message
03.06 01:21 : dadad send message
03.06 01:21 : System get message
03.06 01:21 : System send message
03.06 01:21 : System send message
03.06 01:21 : System send message
03.06 01:21 : System send message
dadad deleted
Send list users
Send list users
Send list users
03.06 01:21 : System get message
03.06 01:21 : System send message
03.06 01:21 : System send message
03.06 01:21 : System send message
name deleted
Send list users
Send list users
03.06 01:21 : System get message
03.06 01:21 : System send message
03.06 01:21 : System send message
name2 deleted
Send list users
03.06 01:21 : System get message
03.06 01:21 : System send message
name3 deleted
user1 connected
Send list users
03.06 01:30 : user1 get message
03.06 01:30 : user1 send message
user2 connected
Send list users
Send list users
03.06 01:30 : user2 get message
03.06 01:30 : user2 send message
03.06 01:30 : user2 send message
user3 connected
Send list users
Send list users
Send list users
03.06 01:30 : user3 get message
03.06 01:30 : user3 send message
03.06 01:30 : user3 send message
03.06 01:30 : user3 send message
03.06 01:30 : user3 get message
03.06 01:30 : user3 send message
03.06 01:30 : user3 send message
03.06 01:30 : user3 send message
03.06 01:31 : System get message
03.06 01:31 : System send message
03.06 01:31 : System send message
03.06 01:31 : System send message
user3 deleted
Send list users
Send list users
03.06 01:31 : System get message
03.06 01:31 : System send message
03.06 01:31 : System send message
user2 deleted
Send list users
03.06 01:31 : System get message
03.06 01:31 : System send message
user1 deleted
usef connected
Send list users
03.06 01:36 : usef get message
03.06 01:36 : usef send message
qeqe connected
Send list users
Send list users
03.06 01:36 : qeqe get message
03.06 01:36 : qeqe send message
03.06 01:36 : qeqe send message
qeqe connected
Send list users
Send list users
Send list users
03.06 01:36 : qeqe get message
03.06 01:36 : qeqe send message
03.06 01:36 : qeqe send message
03.06 01:36 : qeqe send message
03.06 01:36 : qeqe get message
03.06 01:36 : qeqe send message
03.06 01:36 : qeqe send message
03.06 01:36 : qeqe send message
03.06 01:36 : System get message
03.06 01:36 : System send message
03.06 01:36 : System send message
03.06 01:36 : System send message
qeqe deleted
Send list users
Send list users
03.06 01:36 : System get message
03.06 01:36 : System send message
03.06 01:36 : System send message
usef deleted
Send list users
03.06 01:36 : System get message
03.06 01:36 : System send message
qeqe deleted
nnn connected
Send list users
03.06 01:37 : nnn get message
03.06 01:37 : nnn send message
asdada connected
Send list users
Send list users
03.06 01:37 : asdada get message
03.06 01:37 : asdada send message
03.06 01:37 : asdada send message
aaaaaaaa connected
Send list users
Send list users
Send list users
03.06 01:37 : aaaaaaaa get message
03.06 01:37 : aaaaaaaa send message
03.06 01:37 : aaaaaaaa send message
03.06 01:37 : aaaaaaaa send message
03.06 01:37 : aaaaaaaa get message
03.06 01:37 : aaaaaaaa send message
03.06 01:37 : aaaaaaaa send message
03.06 01:37 : aaaaaaaa send message
03.06 01:37 : aaaaaaaa get message
03.06 01:37 : aaaaaaaa send message
03.06 01:37 : aaaaaaaa send message
03.06 01:37 : aaaaaaaa get message
03.06 01:37 : aaaaaaaa send message
03.06 01:37 : aaaaaaaa send message
03.06 01:37 : aaaaaaaa get message
03.06 01:37 : aaaaaaaa send message
03.06 01:37 : aaaaaaaa send message
03.06 01:37 : aaaaaaaa send message
new connected
Send list users
Send list users
Send list users
Send list users
03.06 01:38 : new get message
03.06 01:38 : new send message
03.06 01:38 : new send message
03.06 01:38 : new send message
03.06 01:38 : new send message
03.06 01:38 : System get message
03.06 01:38 : System send message
03.06 01:38 : System send message
03.06 01:38 : System send message
03.06 01:38 : System send message
new deleted
Send list users
Send list users
Send list users
03.06 01:38 : System get message
03.06 01:38 : System send message
03.06 01:38 : System send message
03.06 01:38 : System send message
aaaaaaaa deleted
Send list users
Send list users
03.06 01:38 : System get message
03.06 01:38 : System send message
03.06 01:38 : System send message
asdada deleted
Send list users
03.06 01:38 : System get message
03.06 01:38 : System send message
nnn deleted
name connected
Send list users
03.06 02:01 : name get message
03.06 02:01 : name send message
03.06 02:01 : name get message
03.06 02:01 : name send message
rename connected
Send list users
Send list users
03.06 02:01 : rename get message
03.06 02:01 : rename send message
03.06 02:01 : rename send message
03.06 02:01 : rename get message
03.06 02:01 : rename send message
03.06 02:01 : rename send message
03.06 02:01 : rename get message
03.06 02:01 : rename send message
03.06 02:01 : rename send message
nnn connected
Send list users
Send list users
Send list users
03.06 02:02 : nnn get message
03.06 02:02 : nnn send message
03.06 02:02 : nnn send message
03.06 02:02 : nnn send message
03.06 02:02 : System get message
03.06 02:02 : System send message
03.06 02:02 : System send message
03.06 02:02 : System send message
nnn deleted
Send list users
Send list users
03.06 02:02 : System get message
03.06 02:02 : System send message
03.06 02:02 : System send message
rename deleted
Send list users
03.06 02:02 : System get message
03.06 02:02 : System send message
name deleted
k connected
Send list users
03.06 02:11 : k get message
k deleted
k connected
Send list users
03.06 02:13 : k get message
03.06 02:13 : k send message
03.06 02:15 : k get message
03.06 02:15 : k send message
name2 connected
Send list users
Send list users
03.06 02:15 : name2 get message
03.06 02:15 : name2 send message
03.06 02:15 : name2 send message
kkk connected
Send list users
03.06 02:16 : kkk get message
03.06 02:16 : kkk send message
03.06 02:16 : kkk get message
03.06 02:16 : kkk send message
l connected
Send list users
Send list users
03.06 02:17 : l get message
03.06 02:17 : l send message
03.06 02:17 : l send message
name connected
Send list users
03.06 02:20 : name get message
03.06 02:20 : name send message
03.06 02:20 : name get message
03.06 02:20 : name send message
name2 connected
Send list users
Send list users
03.06 02:20 : name2 get message
03.06 02:20 : name2 send message
03.06 02:20 : name2 send message
name3 connected
Send list users
Send list users
Send list users
03.06 02:20 : name3 get message
03.06 02:20 : name3 send message
03.06 02:20 : name3 send message
03.06 02:20 : name3 send message
03.06 02:21 : name2 get message
03.06 02:21 : name2 send message
03.06 02:21 : name2 send message
03.06 02:21 : name2 send message
03.06 02:21 : name2 get message
03.06 02:21 : name2 send message
03.06 02:21 : name2 send message
03.06 02:21 : name2 get message
03.06 02:21 : name2 send message
03.06 02:21 : name2 send message
03.06 02:21 : name2 get message
03.06 02:21 : name2 send message
03.06 02:21 : name2 send message
03.06 02:22 : name get message
03.06 02:22 : name send message
03.06 02:22 : name send message
name444 connected
Send list users
Send list users
Send list users
Send list users
03.06 02:22 : name444 get message
03.06 02:22 : name444 send message
03.06 02:22 : name444 send message
03.06 02:22 : name444 send message
03.06 02:22 : name444 send message
03.06 02:22 : System get message
03.06 02:22 : System send message
03.06 02:22 : System send message
03.06 02:22 : System send message
03.06 02:22 : System send message
name444 deleted
Send list users
Send list users
Send list users
03.06 02:22 : System get message
03.06 02:22 : System send message
03.06 02:22 : System send message
03.06 02:22 : System send message
name deleted
Send list users
Send list users
03.06 02:22 : System get message
03.06 02:22 : System send message
03.06 02:22 : System send message
name3 deleted
Send list users
03.06 02:22 : System get message
03.06 02:22 : System send message
name2 deleted
l connected
Send list users
03.06 02:22 : l get message
03.06 02:22 : l send message
03.06 02:22 : System get message
03.06 02:22 : System send message
l deleted
roman connected
Send list users
03.06 02:23 : roman get message
03.06 02:23 : roman send message
03.06 02:23 : System get message
03.06 02:23 : System send message
roman deleted
name connected
Send list users
03.06 02:31 : name get message
03.06 02:31 : name send message
03.06 02:31 : name get message
03.06 02:31 : name send message
03.06 02:31 : System get message
03.06 02:31 : System send message
name deleted
name connected
Send list users
03.06 02:33 : name get message
03.06 02:33 : name send message
03.06 02:33 : System get message
03.06 02:33 : System send message
name deleted
user connected
Send list users
03.06 02:34 : user get message
03.06 02:34 : user send message
03.06 02:35 : user get message
03.06 02:35 : user send message
03.06 02:35 : System get message
03.06 02:35 : System send message
user deleted
name connected
Send list users
03.06 02:37 : name get message
03.06 02:37 : name send message
name22 connected
Send list users
Send list users
03.06 02:38 : name22 get message
03.06 02:38 : name22 send message
03.06 02:38 : name22 send message
name333 connected
Send list users
Send list users
Send list users
03.06 02:38 : name333 get message
03.06 02:38 : name333 send message
03.06 02:38 : name333 send message
03.06 02:38 : name333 send message
03.06 02:39 : name22 get message
03.06 02:39 : name22 send message
03.06 02:39 : name22 send message
03.06 02:39 : name get message
03.06 02:39 : name send message
03.06 02:39 : name send message
03.06 02:46 : System get message
03.06 02:46 : System send message
03.06 02:46 : System send message
03.06 02:46 : System send message
name333 deleted
Send list users
Send list users
03.06 02:46 : System get message
03.06 02:46 : System send message
03.06 02:46 : System send message
name22 deleted
Send list users
03.06 02:46 : System get message
03.06 02:46 : System send message
name deleted
kkk connected
Send list users
03.06 03:04 : kkk get message
03.06 03:04 : kkk send message
03.06 03:04 : kkk get message
03.06 03:05 : System get message
03.06 03:05 : System send message
kkk deleted
name connected
Send list users
03.06 09:17 : name get message
03.06 09:17 : name send message
name222 connected
Send list users
Send list users
03.06 09:17 : name222 get message
03.06 09:17 : name222 send message
03.06 09:17 : name222 send message
name333 connected
Send list users
Send list users
Send list users
03.06 09:18 : name333 get message
03.06 09:18 : name333 send message
03.06 09:18 : name333 send message
03.06 09:18 : name333 send message
03.06 09:18 : System get message
03.06 09:18 : System send message
03.06 09:18 : System send message
03.06 09:18 : System send message
name333 deleted
Send list users
Send list users
03.06 09:18 : System get message
03.06 09:18 : System send message
03.06 09:18 : System send message
name deleted
Send list users
03.06 09:18 : System get message
03.06 09:18 : System send message
name222 deleted
name connected
Send list users
03.06 09:18 : name get message
03.06 09:18 : name send message
name2 connected
Send list users
Send list users
03.06 09:18 : name2 get message
03.06 09:18 : name2 send message
03.06 09:18 : name2 send message
name3 connected
Send list users
Send list users
Send list users
03.06 09:18 : name3 get message
03.06 09:18 : name3 send message
03.06 09:18 : name3 send message
03.06 09:18 : name3 send message
03.06 09:19 : name3 get message
03.06 09:19 : name3 send message
03.06 09:19 : name3 send message
03.06 09:19 : name get message
03.06 09:19 : name send message
03.06 09:19 : name send message
user777 connected
Send list users
Send list users
Send list users
Send list users
03.06 09:20 : user777 get message
03.06 09:20 : user777 send message
03.06 09:20 : user777 send message
03.06 09:20 : user777 send message
03.06 09:20 : user777 send message
03.06 09:20 : name get message
03.06 09:20 : name send message
03.06 09:20 : name send message
03.06 09:20 : name send message
03.06 09:20 : name send message
03.06 09:20 : System get message
03.06 09:20 : System send message
03.06 09:20 : System send message
03.06 09:20 : System send message
03.06 09:20 : System send message
name2 deleted
Send list users
Send list users
Send list users
03.06 09:20 : System get message
03.06 09:20 : System send message
03.06 09:20 : System send message
03.06 09:20 : System send message
name3 deleted
Send list users
Send list users
03.06 09:20 : System get message
03.06 09:20 : System send message
03.06 09:20 : System send message
user777 deleted
Send list users
name2222 connected
Send list users
Send list users
03.06 09:20 : name2222 get message
03.06 09:20 : name2222 send message
03.06 09:20 : name2222 send message
misha connected
Send list users
Send list users
Send list users
03.06 09:21 : misha get message
03.06 09:21 : misha send message
03.06 09:21 : misha send message
03.06 09:21 : misha send message
03.06 09:21 : misha get message
03.06 09:21 : misha send message
03.06 09:21 : misha send message
03.06 09:22 : System get message
03.06 09:22 : System send message
03.06 09:22 : System send message
03.06 09:22 : System send message
misha deleted
Send list users
Send list users
03.06 09:22 : System get message
03.06 09:22 : System send message
03.06 09:22 : System send message
name deleted
Send list users
03.06 09:22 : System get message
03.06 09:22 : System send message
name2222 deleted
boo connected
Send list users
03.06 09:35 : boo get message
03.06 09:35 : boo send message
03.06 09:36 : boo get message
03.06 09:36 : boo send message
brat_boo connected
Send list users
Send list users
03.06 09:36 : brat_boo get message
03.06 09:36 : brat_boo send message
03.06 09:36 : brat_boo send message
03.06 09:36 : System get message
03.06 09:36 : System send message
03.06 09:36 : System send message
brat_boo deleted
Send list users
03.06 09:36 : System get message
03.06 09:36 : System send message
boo deleted
aaa connected
Send list users
03.06 09:37 : aaa get message
03.06 09:37 : aaa send message
prof connected
Send list users
03.06 09:39 : prof get message
03.06 09:39 : prof send message
03.06 09:40 : System get message
03.06 09:40 : System send message
prof deleted
oooooo connected
Send list users
03.06 09:41 : oooooo get message
03.06 09:41 : oooooo send message
03.06 09:42 : System get message
03.06 09:42 : System send message
oooooo deleted
name444 connected
Send list users
03.06 09:43 : name444 get message
03.06 09:43 : name444 send message
name555 connected
Send list users
Send list users
03.06 09:43 : name555 get message
03.06 09:43 : name555 send message
03.06 09:43 : name555 send message
name666 connected
Send list users
Send list users
Send list users
03.06 09:44 : name666 get message
03.06 09:44 : name666 send message
03.06 09:44 : name666 send message
03.06 09:44 : name666 send message
03.06 09:44 : name444 get message
03.06 09:44 : name444 send message
03.06 09:44 : name444 send message
some name connected
Send list users
Send list users
Send list users
Send list users
03.06 09:47 : some name get message
03.06 09:47 : some name send message
03.06 09:47 : some name send message
03.06 09:47 : some name send message
03.06 09:47 : some name send message
03.06 10:00 : System get message
03.06 10:00 : System send message
03.06 10:00 : System send message
03.06 10:00 : System send message
03.06 10:00 : System send message
some name deleted
Send list users
Send list users
Send list users
03.06 10:00 : System get message
03.06 10:00 : System send message
03.06 10:00 : System send message
03.06 10:00 : System send message
name666 deleted
Send list users
Send list users
03.06 10:01 : System get message
03.06 10:01 : System send message
03.06 10:01 : System send message
name444 deleted
Send list users
03.06 10:01 : System get message
03.06 10:01 : System send message
name555 deleted
